0:100  0:100  MemLog inited, TSC freq: 1608256490
0:100  0:000  CPU was calibrated with RTC
0:100  0:000  
0:100  0:000  Now is 22.1.2020,  20:10:48 (GMT)
0:100  0:000  Starting Clover revision: 4972 on American Megatrends EFI
0:100  0:000  Build with: [Args: -D NO_GRUB_DRIVERS_EMBEDDED | -D NO_GRUB_DRIVERS_EMBEDDED -D USE_LOW_EBDA -D HAVE_LEGACY_EMURUNTIMEDXE -a X64 -b RELEASE -t XCODE8 -n 5 | OS: 10.13.6 | XCODE: 10.1]
0:100  0:000  SelfDevicePath=PciRoot(0x0)\Pci(0x14,0x0)\USB(0xF,0x0)\HD(1,GPT,8032F714-8BCE-4ECB-ADF4-6BFC23B537D8,0x28,0x64000) @8AB9A518
0:100  0:000  SelfDirPath = \EFI\BOOT
0:100  0:000  === [ Get Smbios ] ========================================
0:108  0:007  Type 16 Index = 0
0:108  0:000  Total Memory Slots Count = 2
0:108  0:000  Type 17 Index = 0
0:108  0:000  SmbiosTable.Type17->Speed = 1333MHz
0:108  0:000  SmbiosTable.Type17->Size = 4096MB
0:108  0:000  SmbiosTable.Type17->Bank/Device = BANK 0 ChannelA-DIMM0
0:108  0:000  SmbiosTable.Type17->Vendor = SK Hynix
0:108  0:000  SmbiosTable.Type17->SerialNumber = 00000000
0:108  0:000  SmbiosTable.Type17->PartNumber =                   
0:108  0:000  Type 17 Index = 1
0:108  0:000  SmbiosTable.Type17->Speed = 1333MHz
0:108  0:000  SmbiosTable.Type17->Size = 4096MB
0:108  0:000  SmbiosTable.Type17->Bank/Device = BANK 2 ChannelB-DIMM0
0:108  0:000  SmbiosTable.Type17->Vendor = SK Hynix
0:108  0:000  SmbiosTable.Type17->SerialNumber = 00000000
0:108  0:000  SmbiosTable.Type17->PartNumber =                   
0:108  0:000  Boot status=0
0:108  0:000  Running on: 'Default string' with board 'Default string'
0:108  0:000  === [ GetCPUProperties ] ==================================
0:108  0:000  CPU Vendor = 756E6547 Model=806E9
0:108  0:000   The CPU supported SSE4.1
0:108  0:000  BrandString = Intel(R) Core(TM) m3-8100Y CPU @ 1.10GHz
0:108  0:000   The CPU supported turbo
0:108  0:000  MSR 0x35               20004
0:108  0:000   TSC/CCC Information Leaf:
0:108  0:000    numerator     : 134
0:108  0:000    denominator   : 2
0:108  0:000   Calibrated ARTFrequency: 24003828
0:108  0:000  MSR 0xE2 before patch 1E008008
0:108  0:000  MSR 0xE2 is locked, PM patches will be turned on
0:108  0:000  MSR 0xCE              0004043D_F1011000
0:108  0:000  corrected FLEX_RATIO = 0
0:108  0:000  MSR 0x1B0             00000000
0:108  0:000  FSBFrequency = 100 MHz, DMI FSBFrequency = 100 MHz, Corrected FSBFrequency = 100 MHz
0:108  0:000  MaxDiv/MinDiv: 16.0/4
0:108  0:000  Turbo: 27/27/27/34
0:108  0:000  Features: 0xBFEBFBFF
0:108  0:000  Threads: 4
0:108  0:000  Cores: 2
0:108  0:000  FSB: 100 MHz
0:108  0:000  CPU: 1600 MHz
0:108  0:000  TSC: 1600 MHz
0:108  0:000  PIS: 100 MHz
0:108  0:000  ExternalClock: 25 MHz
0:108  0:000  === [ GetDevices ] ========================================
0:108  0:000  PCI (00|00:00.00) : 8086 590C class=060000
0:108  0:000  PCI (00|00:02.00) : 8086 591C class=030000
0:108  0:000   - GFX: Model=Intel UHD Graphics 615 (Intel)
0:108  0:000  PCI (00|00:04.00) : 8086 1903 class=118000
0:108  0:000  PCI (00|00:14.00) : 8086 9D2F class=0C0330
0:108  0:000  PCI (00|00:14.02) : 8086 9D31 class=118000
0:108  0:000  PCI (00|00:15.00) : 8086 9D60 class=118000
0:109  0:000  PCI (00|00:15.01) : 8086 9D61 class=118000
0:109  0:000  PCI (00|00:15.02) : 8086 9D62 class=118000
0:109  0:000  PCI (00|00:16.00) : 8086 9D3A class=078000
0:109  0:000  PCI (00|00:1D.00) : 8086 9D18 class=060400
0:109  0:000  PCI (00|01:00.00) : 8086 3165 class=028000
0:109  0:000   - WIFI: Vendor=Intel
0:109  0:000  PCI (00|00:1E.00) : 8086 9D27 class=118000
0:109  0:000  PCI (00|00:1E.04) : 8086 9D2B class=080501
0:109  0:000  PCI (00|00:1F.00) : 8086 9D4B class=060100
0:109  0:000  PCI (00|00:1F.02) : 8086 9D21 class=058000
0:109  0:000  PCI (00|00:1F.03) : 8086 9D71 class=040380
0:109  0:000  PCI (00|00:1F.04) : 8086 9D23 class=0C0500
0:109  0:000  === [ GetDefaultSettings ] ================================
0:109  0:000  Clover load options size = 0 bytes
0:113  0:003  EFI\CLOVER\config.plist loaded: Success
0:121  0:007  === [ GetListOfThemes ] ===================================
0:122  0:001  - [00]: embedded
0:122  0:000  - [00]: Mojave
0:124  0:001  === [ Found config plists ] ===============================
0:124  0:000  - config.plist
0:124  0:000  === [ GetEarlyUserSettings ] ==============================
0:124  0:000  timeout set to 5
0:124  0:000  Custom boot CUSTOM_BOOT_DISABLED (0x0)
0:124  0:000  KextsToPatch: 6 requested
0:124  0:000   - [00]: AppleAHCIPort (External icons patch) :: MatchOS: 10.12.x,10.13.x :: BinPatch :: data len: 8
0:124  0:000   - [01]: com.apple.iokit.IOAHCIBlockStorage (Enable TRIM for SSD) :: BinPatch :: data len: 11
0:124  0:000   - [02]: com.apple.driver.AppleHIDKeyboard (by Wern) :: MatchOS: 10.11.x,10.12.x,10.13.x :: BinPatch :: data len: 21
0:124  0:000   - [03]: com.apple.driver.AppleHIDKeyboard (by Wern) :: MatchOS: 10.11.x,10.12.x,10.13.x :: PlistPatch :: data len: 21
0:124  0:000   - [04]: com.apple.driver.AppleGraphicsDevicePolicy (NoLabel) :: BinPatch :: data len: 5
0:124  0:000   - [05]: com.apple.driver.AppleBacklight (change F%uT%04x to F%uTxxxx in AppleBacklightInjector.kext (credit RehabMan)) :: MatchOS: 10.14 :: BinPatch :: data len: 9
0:124  0:000  KernelToPatch: 2 requested
0:124  0:000   - [00]: Disable panic kext logging on 10.14 Release kernel :: MatchOS: 10.14 :: data len: 6
0:124  0:000   - [01]: Disable panic kext logging on 10.13 Release kernel :: MatchOS: 10.13 :: data len: 6
0:124  0:000  Default theme: Mojave
0:124  0:000  Hiding entries with string Recovery
0:124  0:000  Hiding entries with string Preboot
0:124  0:000   Custom EDID is ok
0:124  0:000  === [ LoadDrivers ] =======================================
0:125  0:000  Loading ApfsDriverLoader-64.efi  status=Success
0:127  0:002   - driver needs connecting
0:127  0:000  Loading AptioMemoryFix-64.efi  status=Success
0:131  0:003  Loading FSInject-64.efi  status=Success
0:133  0:002  Loading VBoxHfs-64.efi  status=Success
0:136  0:003   - driver needs connecting
0:136  0:000  Loading VirtualSmc.efi  status=Success
0:240  0:103  2 drivers needs connecting ...
0:240  0:000  PlatformDriverOverrideProtocol not found. Installing ... Success
0:240  0:000  APFS driver loaded
0:240  0:000  Searching for invalid DiskIo BY_DRIVER connects: not found, all ok
0:827  0:587  === [ InitScreen ] ========================================
0:827  0:000  Console modes reported: 5, available modes:
0:827  0:000   - [01]: 80x25
0:827  0:000   - [03]: 100x31 (current mode)
0:827  0:000   - [04]: 240x63
0:827  0:000   - [05]: 100x31
0:827  0:000  SetScreenResolution: 1920x1200 - not found!
0:827  0:000  SetMaxResolution: found best mode 0: 1200x1920
0:916  0:088  Video mode change to mode #0: Success
0:916  0:000   - set
0:916  0:000  SetScreenResolution: 1920x1200 - already set
0:916  0:000  reinit: self device path=PciRoot(0x0)\Pci(0x14,0x0)\USB(0xF,0x0)\HD(1,GPT,8032F714-8BCE-4ECB-ADF4-6BFC23B537D8,0x28,0x64000)
0:916  0:000  Using embedded font: Success
0:918  0:002  === [ GetMacAddress ] =====================================
0:918  0:000   get legacy LAN MAC, 0 card found
0:918  0:000  === [ ScanSPD ] ===========================================
0:919  0:000  Scanning SMBus [8086:9D23], mmio: 0xDF130004, ioport: 0xF040, hostc: 0x11
0:920  0:001  === [ GetAcpiTablesList ] =================================
0:928  0:007  Get Acpi Tables List from RSDT:
0:928  0:000   - [00]: FACP  A M I  len=132
0:928  0:000   - [01]: APIC  A M I  len=132
0:928  0:000   - [02]: FPDT  A M I  len=68
0:928  0:000   - [03]: FIDT  A M I len=156
0:928  0:000   - [04]: MCFG  A M I  len=60
0:928  0:000   - [05]: SSDT  SataTabl len=857
0:928  0:000   - [06]: SSDT  DptfTabl len=42017
0:928  0:000   - [07]: SSDT  GddvDumm len=2458
0:928  0:000   - [08]: MSDM  A M I  len=85
0:928  0:000   - [09]: SSDT  SaSsdt  len=12642
0:928  0:000   - [10]: HPET  KBL-ULT len=56
0:928  0:000   - [11]: SSDT  Ther_Rvp len=2306
0:928  0:000   - [12]: SSDT  xh_rvp03 len=2013
0:928  0:000   - [13]: UEFI  A M I  len=66
0:928  0:000   - [14]: SSDT  CpuSsdt len=6062
0:928  0:000   - [15]: LPIT  KBL-ULT len=148
0:928  0:000   - [16]: SSDT  HdaDsp len=321
0:928  0:000   - [17]: SSDT  sensrhub len=671
0:928  0:000   - [18]: SSDT  PtidDevc len=12290
0:928  0:000   - [19]: SSDT  TbtTypeC len=1303
0:928  0:000   - [20]: DBGP   len=52
0:928  0:000   - [21]: DBG2   len=84
0:928  0:000   - [22]: DMAR  EDK2     len=312
0:928  0:000   - [23]: NHLT  EDK2     len=45
0:928  0:000   - [24]: TPM2  A M I  len=52
0:928  0:000   - [25]: BGRT  A M I  len=56
0:928  0:000   - [26]: WSMT  A M I  len=40
0:928  0:000  Calibrated TSC Frequency = 1608256490 = 1608MHz
0:928  0:000  === [ GetUserSettings ] ===================================
0:928  0:000   Custom EDID is ok
0:928  0:000  Can't install EdidOverride on ImageHandle
0:928  0:000  Add 2 devices:
0:928  0:000  USB FixOwnership: yes
0:928  0:000  Dropping 2 tables:
0:928  0:000   - [00]: Drop table  signature="DMAR" (52414D44)
0:928  0:000           - set table: 52414D44,                0 to drop: yes
0:928  0:000   - [01]: Drop table  signature="MATS" (5354414D)
0:928  0:000           - set table: 5354414D,                0 to drop: no
0:928  0:000   - final DSDT Fix mask=10000000
0:928  0:000  PatchesDSDT: 8 requested
0:928  0:000   - [00]: (change GFX0 to IGPU) lenToFind: 4, lenToReplace: 4, Target Bridge: <null string>
0:928  0:000   - [01]: (change HDAS to HDEF) lenToFind: 4, lenToReplace: 4, Target Bridge: <null string>
0:928  0:000   - [02]: (change HECI to IMEI) lenToFind: 4, lenToReplace: 4, Target Bridge: <null string>
0:928  0:000   - [03]: (change EHC1 to EH01) lenToFind: 4, lenToReplace: 4, Target Bridge: <null string>
0:928  0:000   - [04]: (change EHC2 to EH02) lenToFind: 4, lenToReplace: 4, Target Bridge: <null string>
0:928  0:000   - [05]: (change XHCI to XHC) lenToFind: 4, lenToReplace: 4, Target Bridge: <null string>
0:928  0:000   - [06]: (change XHC1 to XHC) lenToFind: 4, lenToReplace: 4, Target Bridge: <null string>
0:928  0:000   - [07]: (Rename H_EC to EC__) lenToFind: 4, lenToReplace: 4, Target Bridge: <null string>
0:928  0:000    patch disabled at config
0:929  0:000  Devices to rename 1
0:929  0:000  PXSX:RP01:PCI0:#_SB:->will be renamed to ARPT
0:929  0:000  Using ProductName from config: MacBook10,1
0:929  0:000  Using latest BiosVersion from clover
0:929  0:000  BiosVersion: MB101.88Z.F000.B00.1905251430
0:929  0:000  BiosReleaseDate: 05/25/2019
0:929  0:000  Using latest EfiVersion from clover: 176.0.0.0.0
0:929  0:000  Using FirmwareFeatures from config: 0xFC0FE13F
0:929  0:000  Using FirmwareFeaturesMask from config: 0xFF1FFF3F
0:929  0:000  Board-ID set from config as Mac-EE2EBD4B90B839A8
0:929  0:000  BoardType: 0xA
0:929  0:000  ChassisType: 0x9
0:929  0:000  Converted CustomUUID D986E1FB-A042-49B0-87B8-DD8751E608BD
0:929  0:000  === [ Found DSDT tables ] =================================
0:930  0:000  - DSDT.aml
1:077  0:147  === [ ScanVolumes ] =======================================
1:077  0:000  Found 10 volumes with blockIO
1:077  0:000  - [00]: Volume: PciRoot(0x0)\Pci(0x14,0x0)\USB(0xC,0x0)
1:077  0:000          USB volume
1:077  0:000  - [01]: Volume: PciRoot(0x0)\Pci(0x14,0x0)\USB(0xF,0x0)
1:077  0:000          USB volume
1:077  0:000  - [02]: Volume: PciRoot(0x0)\Pci(0x14,0x0)\USB(0xF,0x0)\HD(1,GPT,8032F714-8BCE-4ECB-ADF4-6BFC23B537D8,0x28,0x64000)
1:078  0:000          Result of bootcode detection: bootable unknown (legacy)
1:078  0:000          USB volume
1:078  0:000          This is SelfVolume !!
1:078  0:000  - [03]: Volume: PciRoot(0x0)\Pci(0x14,0x0)\USB(0xF,0x0)\HD(2,GPT,A76785AF-F80B-4B9F-AD22-D120AFBC919D,0x64028,0x391BFB0)
1:078  0:000          USB volume
1:078  0:000  - [04]: Volume: PciRoot(0x0)\Pci(0x1E,0x4)\SD(0x0)
1:082  0:004  - [05]: Volume: PciRoot(0x0)\Pci(0x1E,0x4)\SD(0x0)\HD(1,GPT,42369A8E-0540-43BE-96F1-3CEC828691CE,0x800,0x32000)
1:085  0:003          Result of bootcode detection: bootable Windows (vista,win)
1:085  0:000  - [06]: Volume: PciRoot(0x0)\Pci(0x1E,0x4)\SD(0x0)\HD(2,GPT,E96D7E26-203D-4EAA-8511-91894ED92B9F,0x32800,0x40000)
1:088  0:003  - [07]: Volume: PciRoot(0x0)\Pci(0x1E,0x4)\SD(0x0)\HD(3,GPT,55105043-A81D-4E1F-A3FF-A7A34BBD055F,0x72800,0xA000000)
1:092  0:003          Result of bootcode detection: bootable Windows (vista,win)
1:092  0:000  - [08]: Volume: PciRoot(0x0)\Pci(0x1E,0x4)\SD(0x0)\HD(4,GPT,ACA47970-59EB-4619-ADDB-E3274357A6DB,0xA072800,0x46D0000)
1:095  0:003          Result of bootcode detection: bootable Windows (vista,win)
1:095  0:000  - [09]: Volume: PciRoot(0x0)\Pci(0x1E,0x4)\SD(0x0)\HD(5,GPT,4C93090A-9335-4D75-BAF2-5B2251345516,0xE742800,0x1B3000)
1:098  0:003          Result of bootcode detection: bootable Windows (vista,win)
1:098  0:000          hiding this volume
1:098  0:000  No AudioIoProtocols, status=Not Found
1:098  0:000  === [ InitTheme ] =========================================
1:098  0:000  use night theme
1:101  0:002  Using theme 'Mojave' (EFI\CLOVER\themes\Mojave)
1:101  0:000  OS main and drive as badge
1:103  0:001    Channels: 1  Sample rate: 44100 Hz  Bits: 16
1:103  0:000  output to channel 0 with volume 70, len=228736
1:103  0:000   sound channels=1 bits=16 freq=44100
1:103  0:000  not found AudioIo to play
1:103  0:000  free sound
1:103  0:000  sound play end with status=Not Found
1:104  0:001    Channels: 1  Sample rate: 44100 Hz  Bits: 16
1:104  0:000  output to channel 0 with volume 70, len=228736
1:104  0:000   sound channels=1 bits=16 freq=44100
1:104  0:000  not found AudioIo to play
1:104  0:000  free sound
1:104  0:000  sound play end with status=Not Found
1:106  0:002  Loading font from ThemeDir: Success
1:106  0:000  theme inited
1:106  0:000  Chosen theme Mojave
1:107  0:000  after NVRAM boot-args=nv_disable=1 -wegnoegpu slide=0 darkwake=0
1:107  0:000  === [ Dump SMC keys from NVRAM ] ==========================
1:107  0:000  found AppleSMC protocol
1:145  0:037  === [ ScanLoader ] ========================================
1:145  0:000  - [02]: 'EFI'
1:171  0:026          AddLoaderEntry for Volume Name=EFI
1:171  0:000          skipped because entry is hidden
1:171  0:000  - [03]: 'Install macOS Catalina'
1:173  0:001          AddLoaderEntry for Volume Name=Install macOS Catalina
1:198  0:024  - [05]: 'SYSTEM'
1:207  0:009          AddLoaderEntry for Volume Name=SYSTEM
1:250  0:042          AddLoaderEntry for Volume Name=SYSTEM
1:250  0:000          skipped because entry is hidden
1:250  0:000  - [07]: 'Windows'
1:270  0:020  - [08]: ''
1:291  0:020  - [09]: 'Recovery', hidden
1:291  0:000  Scanning legacy ...
1:291  0:000   5: 'SYSTEM' (vista,win) add legacy
1:292  0:000   added 'Boot Windows from SYSTEM' OSType=2 Icon=vista,win
1:292  0:000   7: 'Windows' (vista,win) add legacy
1:293  0:000   added 'Boot Windows from Windows' OSType=2 Icon=vista,win
1:293  0:000   8: '' (vista,win) add legacy
1:294  0:000   added 'Boot Windows from ' OSType=2 Icon=vista,win
1:294  0:000   9: 'Recovery' (vista,win) hidden
1:294  0:000  === [ AddCustomTool ] =====================================
1:294  0:000  found tool \EFI\CLOVER\tools\Shell64U.efi
1:294  0:000  Checking EFI partition Volume 2 for Clover
1:294  0:000   Found Clover
1:296  0:001  === [ GetEfiBootDeviceFromNvram ] =========================
1:297  0:001   - efi-boot-device-data: PciRoot(0x0)\Pci(0x14,0x0)\USB(0xF,0x0)\HD(2,GPT,A76785AF-F80B-4B9F-AD22-D120AFBC919D,0x64028,0x391BFB0)\System\Library\CoreServices\boot.efii
1:297  0:000    - Volume: 'PciRoot(0x0)\Pci(0x14,0x0)\USB(0xF,0x0)\HD(2,GPT,A76785AF-F80B-4B9F-AD22-D120AFBC919D,0x64028,0x391BFB0)'
1:297  0:000    - LoaderPath: '\System\Library\CoreServices\boot.efi'
1:297  0:000    - Guid = A76785AF-F80B-4B9F-AD22-D120AFBC919D
1:297  0:000  === [ FindStartupDiskVolume ] =============================
1:297  0:000    - Volume: partition = PciRoot(0x0)\Pci(0x14,0x0)\USB(0xF,0x0)\HD(2,GPT,A76785AF-F80B-4B9F-AD22-D120AFBC919D,0x64028,0x391BFB0)
1:297  0:000     - searching for that partition and loader '\System\Library\CoreServices\boot.efi'
1:297  0:000      - found entry 0. 'Boot macOS Install from Install macOS Catalina', Volume 'Install macOS Catalina', '\System\Library\CoreServices\boot.efi'
1:297  0:000  Boot redirected to Entry 0. 'Boot macOS Install from Install macOS Catalina'
1:297  0:000  DefaultIndex=0 and MainMenu.EntryCount=11
1:867  0:570  GUI ready
18:322  16:454  Found UEFI Acpi 2.0 RSDP at 8CA91000
18:322  0:000  Saving ACPI tables from RSDP 8CA91000 to EFI\CLOVER\ACPI\origin ...
18:322  0:000   8CA91000: 'RSD PTR ', Rev: 2 (Acpi 2.0 or newer), Len: 36 -> RSDP.aml
18:393  0:071    (Xsdt: 8CA910C0, Rsdt: 8CA91028)
18:393  0:000    8CA910C0: 'XSDT', 'A M I', Rev: 1, Len: 252 -> XSDT.aml
18:447  0:053    8CA91028: 'RSDT', 'A M I', Rev: 1, Len: 144 -> RSDT.aml
18:503  0:056    Tables in Xsdt: 27
18:503  0:000    0. 8CAB94A8: 'FACP', 'A M I', Rev: 6, Len: 276 -> FACP.aml
18:556  0:052        (Dsdt: 8CA91248, Facs: 8CB44F00, XDsdt: 8CA91248, XFacs: 0)
18:556  0:000        8CA91248: 'DSDT', 'A M I', Rev: 2, Len: 164446 -> DSDT.aml
18:643  0:086        8CB44F00: 'FACS', Ver: 2, Len: 64 -> FACS.aml
18:702  0:059    1. 8CAB95C0: 'APIC', 'A M I', Rev: 3, Len: 132 -> APIC.aml
18:762  0:059    2. 8CAB9648: 'FPDT', 'A M I', Rev: 1, Len: 68 -> FPDT.aml
18:817  0:055    3. 8CAB9690: 'FIDT', 'A M I', Rev: 1, Len: 156 -> FIDT.aml
18:882  0:064    4. 8CAB9730: 'MCFG', 'A M I', Rev: 1, Len: 60 -> MCFG.aml
18:939  0:057    5. 8CAB9770: 'SSDT', 'SataTabl', Rev: 1, Len: 857 -> SSDT-0-SataTabl.aml
18:993  0:054    6. 8CAB9AD0: 'SSDT', 'DptfTabl', Rev: 2, Len: 42017 -> SSDT-1-DptfTabl.aml
19:072  0:078    7. 8CAC3EF8: 'SSDT', 'GddvDumm', Rev: 2, Len: 2458 -> SSDT-2-GddvDumm.aml
19:135  0:062    8. 8CAC4898: 'MSDM', 'A M I', Rev: 3, Len: 85 -> MSDM.aml
19:175  0:040    9. 8CAC48F0: 'SSDT', 'SaSsdt', Rev: 2, Len: 12642 -> SSDT-3-SaSsdt.aml
19:234  0:058    10. 8CAC7A58: 'HPET', 'KBL-ULT', Rev: 1, Len: 56 -> HPET.aml
19:287  0:052    11. 8CAC7A90: 'SSDT', 'Ther_Rvp', Rev: 2, Len: 2306 -> SSDT-4-Ther_Rvp.aml
19:352  0:065    12. 8CAC8398: 'SSDT', 'xh_rvp03', Rev: 2, Len: 2013 -> SSDT-5-xh_rvp03.aml
19:409  0:056    13. 8CAC8B78: 'UEFI', 'A M I', Rev: 1, Len: 66 -> UEFI.aml
19:466  0:057    14. 8CAC8BC0: 'SSDT', 'CpuSsdt', Rev: 2, Len: 6062 -> SSDT-6-CpuSsdt.aml (Found hidden SSDT 7 pcs)
19:520  0:053        * 8CA45098: 'SSDT', 'Cpu0Ist', Rev: 2, Len: 1287  53 53 44 54 07 05 00 00 02 57 50 6D 52 65 66 00 Internal length = 1287 -> SSDT-x6_0-Cpu0Ist.aml
19:578  0:058        * 8C40D018: 'SSDT', 'ApIst', Rev: 2, Len: 3348  53 53 44 54 14 0D 00 00 02 30 50 6D 52 65 66 00 Internal length = 3348 -> SSDT-x6_1-ApIst.aml
19:637  0:059        * 8C40E698: 'SSDT', 'Cpu0Cst', Rev: 2, Len: 1023  53 53 44 54 FF 03 00 00 02 17 50 6D 52 65 66 00 Internal length = 1023 -> SSDT-x6_2-Cpu0Cst.aml
19:703  0:066        * 8C40C018: 'SSDT', 'ApCst', Rev: 2, Len: 778  53 53 44 54 0A 03 00 00 02 99 50 6D 52 65 66 00 Internal length = 778 -> SSDT-x6_3-ApCst.aml
19:758  0:054        * 8CA45718: 'SSDT', 'Cpu0Hwp', Rev: 2, Len: 186  53 53 44 54 BA 00 00 00 02 83 50 6D 52 65 66 00 Internal length = 186 -> SSDT-x6_4-Cpu0Hwp.aml
19:812  0:054        * 8C40C418: 'SSDT', 'ApHwp', Rev: 2, Len: 791  53 53 44 54 17 03 00 00 02 86 50 6D 52 65 66 00 Internal length = 791 -> SSDT-x6_5-ApHwp.aml
19:869  0:056        * 8C40E018: 'SSDT', 'HwpLvt', Rev: 2, Len: 1576  53 53 44 54 28 06 00 00 02 8B 50 6D 52 65 66 00 Internal length = 1576 -> SSDT-x6_6-HwpLvt.aml
20:353  0:483  
20:353  0:000    15. 8CACA370: 'LPIT', 'KBL-ULT', Rev: 1, Len: 148 -> LPIT.aml
20:411  0:058    16. 8CACA408: 'SSDT', 'HdaDsp', Rev: 2, Len: 321 -> SSDT-7-HdaDsp.aml
20:477  0:065    17. 8CACA550: 'SSDT', 'sensrhub', Rev: 2, Len: 671 -> SSDT-8-sensrhub.aml
20:555  0:078    18. 8CACA7F0: 'SSDT', 'PtidDevc', Rev: 2, Len: 12290 -> SSDT-9-PtidDevc.aml
20:626  0:070    19. 8CACD7F8: 'SSDT', 'TbtTypeC', Rev: 2, Len: 1303 -> SSDT-10-TbtTypeC.aml
20:698  0:071    20. 8CACDD10: 'DBGP', '', Rev: 1, Len: 52 -> DBGP.aml
20:755  0:056    21. 8CACDD48: 'DBG2', '', Rev: 0, Len: 84 -> DBG2.aml
20:823  0:068    22. 8CACDDA0: 'DMAR', 'EDK2', Rev: 1, Len: 312 -> DMAR.aml
20:890  0:066    23. 8CACDED8: 'NHLT', 'EDK2', Rev: 0, Len: 45 -> NHLT.aml
20:949  0:059    24. 8CACDF08: 'TPM2', 'A M I', Rev: 3, Len: 52 -> TPM2.aml
21:019  0:069    25. 8CACDF40: 'BGRT', 'A M I', Rev: 1, Len: 56 -> BGRT.aml
21:077  0:058    26. 8CACDF78: 'WSMT', 'A M I', Rev: 1, Len: 40 -> WSMT.aml
21:135  0:058    Tables in Rsdt: 27
21:136  0:000    0. 8CA911C0: 'FACP', 'A M I', Rev: 2, Len: 132 -> RSDT-FACP.aml
21:197  0:061        (Dsdt: 8CA91248, Facs: 8CB44EC0)
21:197  0:000        8CA91248: 'DSDT', 'A M I', Rev: 2, Len: 164446
21:201  0:004        8CB44EC0: 'FACS', Ver: 0, Len: 64 -> RSDT-FACS.aml
21:259  0:058    1. 8CAB95C0: 'APIC', 'A M I', Rev: 3, Len: 132
21:259  0:000    2. 8CAB9648: 'FPDT', 'A M I', Rev: 1, Len: 68
21:259  0:000    3. 8CAB9690: 'FIDT', 'A M I', Rev: 1, Len: 156
21:259  0:000    4. 8CAB9730: 'MCFG', 'A M I', Rev: 1, Len: 60
21:259  0:000    5. 8CAB9770: 'SSDT', 'SataTabl', Rev: 1, Len: 857
21:259  0:000    6. 8CAB9AD0: 'SSDT', 'DptfTabl', Rev: 2, Len: 42017
21:259  0:000    7. 8CAC3EF8: 'SSDT', 'GddvDumm', Rev: 2, Len: 2458
21:259  0:000    8. 8CAC4898: 'MSDM', 'A M I', Rev: 3, Len: 85
21:259  0:000    9. 8CAC48F0: 'SSDT', 'SaSsdt', Rev: 2, Len: 12642
21:259  0:000    10. 8CAC7A58: 'HPET', 'KBL-ULT', Rev: 1, Len: 56
21:259  0:000    11. 8CAC7A90: 'SSDT', 'Ther_Rvp', Rev: 2, Len: 2306
21:259  0:000    12. 8CAC8398: 'SSDT', 'xh_rvp03', Rev: 2, Len: 2013
21:259  0:000    13. 8CAC8B78: 'UEFI', 'A M I', Rev: 1, Len: 66
21:259  0:000    14. 8CAC8BC0: 'SSDT', 'CpuSsdt', Rev: 2, Len: 6062
21:259  0:000    15. 8CACA370: 'LPIT', 'KBL-ULT', Rev: 1, Len: 148
21:259  0:000    16. 8CACA408: 'SSDT', 'HdaDsp', Rev: 2, Len: 321
21:259  0:000    17. 8CACA550: 'SSDT', 'sensrhub', Rev: 2, Len: 671
21:259  0:000    18. 8CACA7F0: 'SSDT', 'PtidDevc', Rev: 2, Len: 12290
21:259  0:000    19. 8CACD7F8: 'SSDT', 'TbtTypeC', Rev: 2, Len: 1303
21:259  0:000    20. 8CACDD10: 'DBGP', '', Rev: 1, Len: 52
21:259  0:000    21. 8CACDD48: 'DBG2', '', Rev: 0, Len: 84
21:259  0:000    22. 8CACDDA0: 'DMAR', 'EDK2', Rev: 1, Len: 312
21:259  0:000    23. 8CACDED8: 'NHLT', 'EDK2', Rev: 0, Len: 45
21:259  0:000    24. 8CACDF08: 'TPM2', 'A M I', Rev: 3, Len: 52
21:259  0:000    25. 8CACDF40: 'BGRT', 'A M I', Rev: 1, Len: 56
21:259  0:000    26. 8CACDF78: 'WSMT', 'A M I', Rev: 1, Len: 40
21:259  0:000  Found UEFI Acpi 1.0 RSDP at 8CA91000
21:259  0:000  Printing ACPI tables from RSDP 8CA91000 ...
21:259  0:000   8CA91000: 'RSD PTR ', Rev: 2 (Acpi 2.0 or newer), Len: 36
21:259  0:000    (Xsdt: 8CA910C0, Rsdt: 8CA91028)
21:259  0:000    8CA910C0: 'XSDT', 'A M I', Rev: 1, Len: 252
21:259  0:000    8CA91028: 'RSDT', 'A M I', Rev: 1, Len: 144
21:259  0:000    Tables in Xsdt: 27
21:259  0:000    0. 8CAB94A8: 'FACP', 'A M I', Rev: 6, Len: 276
21:259  0:000        (Dsdt: 8CA91248, Facs: 8CB44F00, XDsdt: 8CA91248, XFacs: 0)
21:259  0:000        8CA91248: 'DSDT', 'A M I', Rev: 2, Len: 164446
21:264  0:004        8CB44F00: 'FACS', Ver: 2, Len: 64
21:264  0:000    1. 8CAB95C0: 'APIC', 'A M I', Rev: 3, Len: 132
21:264  0:000    2. 8CAB9648: 'FPDT', 'A M I', Rev: 1, Len: 68
21:264  0:000    3. 8CAB9690: 'FIDT', 'A M I', Rev: 1, Len: 156
21:264  0:000    4. 8CAB9730: 'MCFG', 'A M I', Rev: 1, Len: 60
21:264  0:000    5. 8CAB9770: 'SSDT', 'SataTabl', Rev: 1, Len: 857
21:264  0:000    6. 8CAB9AD0: 'SSDT', 'DptfTabl', Rev: 2, Len: 42017
21:264  0:000    7. 8CAC3EF8: 'SSDT', 'GddvDumm', Rev: 2, Len: 2458
21:264  0:000    8. 8CAC4898: 'MSDM', 'A M I', Rev: 3, Len: 85
21:264  0:000    9. 8CAC48F0: 'SSDT', 'SaSsdt', Rev: 2, Len: 12642
21:264  0:000    10. 8CAC7A58: 'HPET', 'KBL-ULT', Rev: 1, Len: 56
21:264  0:000    11. 8CAC7A90: 'SSDT', 'Ther_Rvp', Rev: 2, Len: 2306
21:264  0:000    12. 8CAC8398: 'SSDT', 'xh_rvp03', Rev: 2, Len: 2013
21:264  0:000    13. 8CAC8B78: 'UEFI', 'A M I', Rev: 1, Len: 66
21:264  0:000    14. 8CAC8BC0: 'SSDT', 'CpuSsdt', Rev: 2, Len: 6062
21:264  0:000    15. 8CACA370: 'LPIT', 'KBL-ULT', Rev: 1, Len: 148
21:264  0:000    16. 8CACA408: 'SSDT', 'HdaDsp', Rev: 2, Len: 321
21:264  0:000    17. 8CACA550: 'SSDT', 'sensrhub', Rev: 2, Len: 671
21:264  0:000    18. 8CACA7F0: 'SSDT', 'PtidDevc', Rev: 2, Len: 12290
21:264  0:000    19. 8CACD7F8: 'SSDT', 'TbtTypeC', Rev: 2, Len: 1303
21:264  0:000    20. 8CACDD10: 'DBGP', '', Rev: 1, Len: 52
21:264  0:000    21. 8CACDD48: 'DBG2', '', Rev: 0, Len: 84
21:264  0:000    22. 8CACDDA0: 'DMAR', 'EDK2', Rev: 1, Len: 312
21:264  0:000    23. 8CACDED8: 'NHLT', 'EDK2', Rev: 0, Len: 45
21:264  0:000    24. 8CACDF08: 'TPM2', 'A M I', Rev: 3, Len: 52
21:264  0:000    25. 8CACDF40: 'BGRT', 'A M I', Rev: 1, Len: 56
21:264  0:000    26. 8CACDF78: 'WSMT', 'A M I', Rev: 1, Len: 40
21:264  0:000    Tables in Rsdt: 27
21:264  0:000    0. 8CA911C0: 'FACP', 'A M I', Rev: 2, Len: 132
21:264  0:000        (Dsdt: 8CA91248, Facs: 8CB44EC0)
21:264  0:000        8CA91248: 'DSDT', 'A M I', Rev: 2, Len: 164446
21:268  0:004        8CB44EC0: 'FACS', Ver: 0, Len: 64
21:268  0:000    1. 8CAB95C0: 'APIC', 'A M I', Rev: 3, Len: 132
21:268  0:000    2. 8CAB9648: 'FPDT', 'A M I', Rev: 1, Len: 68
21:268  0:000    3. 8CAB9690: 'FIDT', 'A M I', Rev: 1, Len: 156
21:268  0:000    4. 8CAB9730: 'MCFG', 'A M I', Rev: 1, Len: 60
21:268  0:000    5. 8CAB9770: 'SSDT', 'SataTabl', Rev: 1, Len: 857
21:268  0:000    6. 8CAB9AD0: 'SSDT', 'DptfTabl', Rev: 2, Len: 42017
21:268  0:000    7. 8CAC3EF8: 'SSDT', 'GddvDumm', Rev: 2, Len: 2458
21:268  0:000    8. 8CAC4898: 'MSDM', 'A M I', Rev: 3, Len: 85
21:268  0:000    9. 8CAC48F0: 'SSDT', 'SaSsdt', Rev: 2, Len: 12642
21:268  0:000    10. 8CAC7A58: 'HPET', 'KBL-ULT', Rev: 1, Len: 56
21:268  0:000    11. 8CAC7A90: 'SSDT', 'Ther_Rvp', Rev: 2, Len: 2306
21:268  0:000    12. 8CAC8398: 'SSDT', 'xh_rvp03', Rev: 2, Len: 2013
21:268  0:000    13. 8CAC8B78: 'UEFI', 'A M I', Rev: 1, Len: 66
21:268  0:000    14. 8CAC8BC0: 'SSDT', 'CpuSsdt', Rev: 2, Len: 6062
21:268  0:000    15. 8CACA370: 'LPIT', 'KBL-ULT', Rev: 1, Len: 148
21:268  0:000    16. 8CACA408: 'SSDT', 'HdaDsp', Rev: 2, Len: 321
21:268  0:000    17. 8CACA550: 'SSDT', 'sensrhub', Rev: 2, Len: 671
21:268  0:000    18. 8CACA7F0: 'SSDT', 'PtidDevc', Rev: 2, Len: 12290
21:268  0:000    19. 8CACD7F8: 'SSDT', 'TbtTypeC', Rev: 2, Len: 1303
21:268  0:000    20. 8CACDD10: 'DBGP', '', Rev: 1, Len: 52
21:268  0:000    21. 8CACDD48: 'DBG2', '', Rev: 0, Len: 84
21:268  0:000    22. 8CACDDA0: 'DMAR', 'EDK2', Rev: 1, Len: 312
21:268  0:000    23. 8CACDED8: 'NHLT', 'EDK2', Rev: 0, Len: 45
21:268  0:000    24. 8CACDF08: 'TPM2', 'A M I', Rev: 3, Len: 52
21:268  0:000    25. 8CACDF40: 'BGRT', 'A M I', Rev: 1, Len: 56
21:268  0:000    26. 8CACDF78: 'WSMT', 'A M I', Rev: 1, Len: 40
23:381  2:112  exit from MainMenu 7
